<?xml version="1.0" encoding="UTF-8"?>
<!-- Generated by org.testng.reporters.JUnitXMLReporter -->
<testsuite ignored="0" hostname="DESKTOP-8524L67" failures="0" tests="6" name="Default test" time="26.865" errors="0" timestamp="2026-05-24T10:08:25 IST">
  <testcase classname="tests.ElectronicsTest" name="verifySwitchedtoElectronics" time="2.743"/>
  <testcase classname="tests.ElectronicsTest" name="verifySearchProduct" time="4.736"/>
  <testcase classname="tests.ElectronicsTest" name="verifyApplyFilter" time="3.23"/>
  <testcase classname="tests.ElectronicsTest" name="verifyScrollPage" time="0.031"/>
  <testcase classname="tests.ElectronicsTest" name="verifyOpenLaptop" time="1.296"/>
  <testcase classname="tests.ElectronicsTest" name="verifySwitchWindow" time="5.975"/>
</testsuite> <!-- Default test -->
