<?xml version="1.0" encoding="UTF-8"?>
<!-- Generated by org.testng.reporters.JUnitXMLReporter -->
<testsuite ignored="0" hostname="DESKTOP-8524L67" failures="0" tests="8" name="Default test" time="19.718" errors="0" timestamp="2026-09-06T10:52:44 IST">
  <testcase classname="tests.FashionTest" name="verifyHoverMenu" time="0.395"/>
  <testcase classname="tests.FashionTest" name="verifyUserCanOpenFashionTab" time="0.289"/>
  <testcase classname="tests.FashionTest" name="verifyUserCanSearchShirts" time="2.516"/>
  <testcase classname="tests.FashionTest" name="verifyUserCanSelectSearchSuggestion" time="2.923"/>
  <testcase classname="tests.FashionTest" name="verifyFirstProductNameIsDisplayed" time="0.284"/>
  <testcase classname="tests.FashionTest" name="verifyUserCanOpenFirstProduct" time="0.468"/>
  <testcase classname="tests.FashionTest" name="verifyUserCanSwitchToProductWindow" time="0.114"/>
  <testcase classname="tests.FashionTest" name="verifyUserCanCloseWindow" time="0.402"/>
</testsuite> <!-- Default test -->
