<?xml version="1.0" encoding="UTF-8"?>
<!-- Generated by org.testng.reporters.JUnitXMLReporter -->
<testsuite ignored="0" hostname="DESKTOP-8524L67" failures="0" tests="19" name="Automation Tests" time="60.653" errors="0" timestamp="2026-09-10T19:42:08 IST">
  <testcase classname="tests.ElectronicsTest" name="verifySwitchedtoElectronics" time="1.395"/>
  <testcase classname="tests.ElectronicsTest" name="verifySearchProduct" time="4.101"/>
  <testcase classname="tests.ElectronicsTest" name="verifyApplyFilter" time="3.963"/>
  <testcase classname="tests.ElectronicsTest" name="verifyScrollPage" time="0.202"/>
  <testcase classname="tests.ElectronicsTest" name="verifyOpenLaptop" time="0.808"/>
  <testcase classname="tests.ElectronicsTest" name="verifySwitchWindow" time="7.796"/>
  <testcase classname="tests.FashionTest" name="verifyHoverMenu" time="0.261"/>
  <testcase classname="tests.FashionTest" name="verifyUserCanOpenFashionTab" time="0.135"/>
  <testcase classname="tests.FashionTest" name="verifyUserCanSearchShirts" time="2.478"/>
  <testcase classname="tests.FashionTest" name="verifyUserCanSelectSearchSuggestion" time="2.606"/>
  <testcase classname="tests.FashionTest" name="verifyFirstProductNameIsDisplayed" time="0.046"/>
  <testcase classname="tests.FashionTest" name="verifyUserCanOpenFirstProduct" time="0.311"/>
  <testcase classname="tests.FashionTest" name="verifyUserCanSwitchToProductWindow" time="0.034"/>
  <testcase classname="tests.FashionTest" name="verifyUserCanCloseWindow" time="0.152"/>
  <testcase classname="tests.FlightTest" name="verifyFlightSearch" time="1.897"/>
  <testcase classname="tests.FlightTest" name="verifySourceSelected" time="0.584"/>
  <testcase classname="tests.FlightTest" name="verifyDestinationSelected" time="0.514"/>
  <testcase classname="tests.FlightTest" name="verifyDateSelected" time="0.437"/>
  <testcase classname="tests.FlightTest" name="verifySearchResults" time="0.236"/>
</testsuite> <!-- Automation Tests -->
