<?xml version="1.0" encoding="UTF-8"?>
<!-- Generated by org.testng.reporters.JUnitXMLReporter -->
<testsuite ignored="0" hostname="DESKTOP-8524L67" failures="0" tests="19" name="Automation Tests" time="64.445" errors="0" timestamp="2026-09-10T20:33:49 IST">
  <testcase classname="tests.ElectronicsTest" name="verifySwitchedtoElectronics" time="0.542"/>
  <testcase classname="tests.ElectronicsTest" name="verifySearchProduct" time="10.142"/>
  <testcase classname="tests.ElectronicsTest" name="verifyApplyFilter" time="5.816"/>
  <testcase classname="tests.ElectronicsTest" name="verifyScrollPage" time="0.054"/>
  <testcase classname="tests.ElectronicsTest" name="verifyOpenLaptop" time="1.321"/>
  <testcase classname="tests.ElectronicsTest" name="verifySwitchWindow" time="2.175"/>
  <testcase classname="tests.FashionTest" name="verifyHoverMenu" time="0.262"/>
  <testcase classname="tests.FashionTest" name="verifyUserCanOpenFashionTab" time="0.152"/>
  <testcase classname="tests.FashionTest" name="verifyUserCanSearchShirts" time="2.572"/>
  <testcase classname="tests.FashionTest" name="verifyUserCanSelectSearchSuggestion" time="2.329"/>
  <testcase classname="tests.FashionTest" name="verifyFirstProductNameIsDisplayed" time="0.512"/>
  <testcase classname="tests.FashionTest" name="verifyUserCanOpenFirstProduct" time="0.353"/>
  <testcase classname="tests.FashionTest" name="verifyUserCanSwitchToProductWindow" time="0.028"/>
  <testcase classname="tests.FashionTest" name="verifyUserCanCloseWindow" time="0.276"/>
  <testcase classname="tests.FlightTest" name="verifyFlightSearch" time="2.388"/>
  <testcase classname="tests.FlightTest" name="verifySourceSelected" time="0.849"/>
  <testcase classname="tests.FlightTest" name="verifyDestinationSelected" time="0.42"/>
  <testcase classname="tests.FlightTest" name="verifyDateSelected" time="0.409"/>
  <testcase classname="tests.FlightTest" name="verifySearchResults" time="0.181"/>
</testsuite> <!-- Automation Tests -->
