<?xml version="1.0" encoding="UTF-8"?>
<testng-results ignored="0" total="19" passed="19" failed="0" skipped="0">
  <reporter-output>
  </reporter-output>
  <suite started-at="2026-09-10T20:32:44 IST" name="Flipkart Suite" finished-at="2026-09-10T20:33:49 IST" duration-ms="64445">
    <groups>
      <group name="regression">
        <method signature="FashionTest.verifyFirstProductNameIsDisplayed()[pri:4, instance:tests.FashionTest@6c1a5b54]" name="verifyFirstProductNameIsDisplayed" class="tests.FashionTest"/>
        <method signature="FashionTest.verifyUserCanSwitchToProductWindow()[pri:6, instance:tests.FashionTest@6c1a5b54]" name="verifyUserCanSwitchToProductWindow" class="tests.FashionTest"/>
        <method signature="FashionTest.verifyUserCanCloseWindow()[pri:7, instance:tests.FashionTest@6c1a5b54]" name="verifyUserCanCloseWindow" class="tests.FashionTest"/>
      </group> <!-- regression -->
      <group name="smoke">
        <method signature="FashionTest.verifyHoverMenu()[pri:-1, instance:tests.FashionTest@6c1a5b54]" name="verifyHoverMenu" class="tests.FashionTest"/>
        <method signature="ElectronicsTest.verifySwitchedtoElectronics()[pri:1, instance:tests.ElectronicsTest@6340e5f0]" name="verifySwitchedtoElectronics" class="tests.ElectronicsTest"/>
        <method signature="FashionTest.verifyUserCanOpenFashionTab()[pri:1, instance:tests.FashionTest@6c1a5b54]" name="verifyUserCanOpenFashionTab" class="tests.FashionTest"/>
        <method signature="FlightTest.verifyFlightSearch()[pri:1, instance:tests.FlightTest@1c7696c6]" name="verifyFlightSearch" class="tests.FlightTest"/>
        <method signature="ElectronicsTest.verifySearchProduct()[pri:2, instance:tests.ElectronicsTest@6340e5f0]" name="verifySearchProduct" class="tests.ElectronicsTest"/>
        <method signature="FashionTest.verifyUserCanSearchShirts()[pri:2, instance:tests.FashionTest@6c1a5b54]" name="verifyUserCanSearchShirts" class="tests.FashionTest"/>
        <method signature="FlightTest.verifySourceSelected()[pri:2, instance:tests.FlightTest@1c7696c6]" name="verifySourceSelected" class="tests.FlightTest"/>
        <method signature="ElectronicsTest.verifyApplyFilter()[pri:3, instance:tests.ElectronicsTest@6340e5f0]" name="verifyApplyFilter" class="tests.ElectronicsTest"/>
        <method signature="FashionTest.verifyUserCanSelectSearchSuggestion()[pri:3, instance:tests.FashionTest@6c1a5b54]" name="verifyUserCanSelectSearchSuggestion" class="tests.FashionTest"/>
        <method signature="FlightTest.verifyDestinationSelected()[pri:3, instance:tests.FlightTest@1c7696c6]" name="verifyDestinationSelected" class="tests.FlightTest"/>
        <method signature="ElectronicsTest.verifyScrollPage()[pri:4, instance:tests.ElectronicsTest@6340e5f0]" name="verifyScrollPage" class="tests.ElectronicsTest"/>
        <method signature="FlightTest.verifyDateSelected(java.lang.String,java.lang.String)[pri:4, instance:tests.FlightTest@1c7696c6]" name="verifyDateSelected" class="tests.FlightTest"/>
        <method signature="ElectronicsTest.verifyOpenLaptop()[pri:5, instance:tests.ElectronicsTest@6340e5f0]" name="verifyOpenLaptop" class="tests.ElectronicsTest"/>
        <method signature="FashionTest.verifyUserCanOpenFirstProduct()[pri:5, instance:tests.FashionTest@6c1a5b54]" name="verifyUserCanOpenFirstProduct" class="tests.FashionTest"/>
        <method signature="FlightTest.verifySearchResults()[pri:5, instance:tests.FlightTest@1c7696c6]" name="verifySearchResults" class="tests.FlightTest"/>
        <method signature="ElectronicsTest.verifySwitchWindow()[pri:6, instance:tests.ElectronicsTest@6340e5f0]" name="verifySwitchWindow" class="tests.ElectronicsTest"/>
      </group> <!-- smoke -->
    </groups>
    <test started-at="2026-09-10T20:32:44 IST" name="Automation Tests" finished-at="2026-09-10T20:33:49 IST" duration-ms="64445">
      <class name="tests.FashionTest">
        <test-method is-config="true" signature="setup()[pri:0, instance:tests.FashionTest@6c1a5b54]" started-at="2026-09-10T20:33:22 IST" name="setup" finished-at="2026-09-10T20:33:29 IST" duration-ms="6880" status="PASS">
          <reporter-output>
          </reporter-output>
        </test-method> <!-- setup -->
        <test-method signature="verifyHoverMenu()[pri:-1, instance:tests.FashionTest@6c1a5b54]" started-at="2026-09-10T20:33:29 IST" name="verifyHoverMenu" finished-at="2026-09-10T20:33:29 IST" duration-ms="262" status="PASS">
          <reporter-output>
          </reporter-output>
        </test-method> <!-- verifyHoverMenu -->
        <test-method signature="verifyUserCanOpenFashionTab()[pri:1, instance:tests.FashionTest@6c1a5b54]" started-at="2026-09-10T20:33:29 IST" name="verifyUserCanOpenFashionTab" finished-at="2026-09-10T20:33:30 IST" duration-ms="152" status="PASS">
          <reporter-output>
          </reporter-output>
        </test-method> <!-- verifyUserCanOpenFashionTab -->
        <test-method signature="verifyUserCanSearchShirts()[pri:2, instance:tests.FashionTest@6c1a5b54]" started-at="2026-09-10T20:33:30 IST" name="verifyUserCanSearchShirts" finished-at="2026-09-10T20:33:32 IST" duration-ms="2572" status="PASS">
          <reporter-output>
          </reporter-output>
        </test-method> <!-- verifyUserCanSearchShirts -->
        <test-method signature="verifyUserCanSelectSearchSuggestion()[pri:3, instance:tests.FashionTest@6c1a5b54]" started-at="2026-09-10T20:33:32 IST" name="verifyUserCanSelectSearchSuggestion" finished-at="2026-09-10T20:33:34 IST" duration-ms="2329" status="PASS">
          <reporter-output>
          </reporter-output>
        </test-method> <!-- verifyUserCanSelectSearchSuggestion -->
        <test-method signature="verifyFirstProductNameIsDisplayed()[pri:4, instance:tests.FashionTest@6c1a5b54]" started-at="2026-09-10T20:33:34 IST" name="verifyFirstProductNameIsDisplayed" finished-at="2026-09-10T20:33:35 IST" duration-ms="512" status="PASS">
          <reporter-output>
          </reporter-output>
        </test-method> <!-- verifyFirstProductNameIsDisplayed -->
        <test-method signature="verifyUserCanOpenFirstProduct()[pri:5, instance:tests.FashionTest@6c1a5b54]" started-at="2026-09-10T20:33:35 IST" name="verifyUserCanOpenFirstProduct" finished-at="2026-09-10T20:33:35 IST" duration-ms="353" status="PASS">
          <reporter-output>
          </reporter-output>
        </test-method> <!-- verifyUserCanOpenFirstProduct -->
        <test-method signature="verifyUserCanSwitchToProductWindow()[pri:6, instance:tests.FashionTest@6c1a5b54]" started-at="2026-09-10T20:33:35 IST" name="verifyUserCanSwitchToProductWindow" finished-at="2026-09-10T20:33:35 IST" duration-ms="28" status="PASS">
          <reporter-output>
          </reporter-output>
        </test-method> <!-- verifyUserCanSwitchToProductWindow -->
        <test-method signature="verifyUserCanCloseWindow()[pri:7, instance:tests.FashionTest@6c1a5b54]" started-at="2026-09-10T20:33:35 IST" name="verifyUserCanCloseWindow" finished-at="2026-09-10T20:33:36 IST" duration-ms="276" status="PASS">
          <reporter-output>
          </reporter-output>
        </test-method> <!-- verifyUserCanCloseWindow -->
        <test-method is-config="true" signature="tearDown()[pri:0, instance:tests.FashionTest@6c1a5b54]" started-at="2026-09-10T20:33:36 IST" name="tearDown" finished-at="2026-09-10T20:33:36 IST" duration-ms="466" status="PASS">
          <reporter-output>
          </reporter-output>
        </test-method> <!-- tearDown -->
      </class> <!-- tests.FashionTest -->
      <class name="tests.ElectronicsTest">
        <test-method is-config="true" signature="setup()[pri:0, instance:tests.ElectronicsTest@6340e5f0]" started-at="2026-09-10T20:32:44 IST" name="setup" finished-at="2026-09-10T20:32:57 IST" duration-ms="12277" status="PASS">
          <reporter-output>
          </reporter-output>
        </test-method> <!-- setup -->
        <test-method signature="verifySwitchedtoElectronics()[pri:1, instance:tests.ElectronicsTest@6340e5f0]" started-at="2026-09-10T20:32:57 IST" name="verifySwitchedtoElectronics" finished-at="2026-09-10T20:32:57 IST" duration-ms="542" status="PASS">
          <reporter-output>
          </reporter-output>
        </test-method> <!-- verifySwitchedtoElectronics -->
        <test-method signature="verifySearchProduct()[pri:2, instance:tests.ElectronicsTest@6340e5f0]" started-at="2026-09-10T20:32:57 IST" name="verifySearchProduct" finished-at="2026-09-10T20:33:08 IST" duration-ms="10142" status="PASS">
          <reporter-output>
          </reporter-output>
        </test-method> <!-- verifySearchProduct -->
        <test-method signature="verifyApplyFilter()[pri:3, instance:tests.ElectronicsTest@6340e5f0]" started-at="2026-09-10T20:33:08 IST" name="verifyApplyFilter" finished-at="2026-09-10T20:33:13 IST" duration-ms="5816" status="PASS">
          <reporter-output>
          </reporter-output>
        </test-method> <!-- verifyApplyFilter -->
        <test-method signature="verifyScrollPage()[pri:4, instance:tests.ElectronicsTest@6340e5f0]" started-at="2026-09-10T20:33:13 IST" name="verifyScrollPage" finished-at="2026-09-10T20:33:13 IST" duration-ms="54" status="PASS">
          <reporter-output>
          </reporter-output>
        </test-method> <!-- verifyScrollPage -->
        <test-method signature="verifyOpenLaptop()[pri:5, instance:tests.ElectronicsTest@6340e5f0]" started-at="2026-09-10T20:33:13 IST" name="verifyOpenLaptop" finished-at="2026-09-10T20:33:15 IST" duration-ms="1321" status="PASS">
          <reporter-output>
          </reporter-output>
        </test-method> <!-- verifyOpenLaptop -->
        <test-method signature="verifySwitchWindow()[pri:6, instance:tests.ElectronicsTest@6340e5f0]" started-at="2026-09-10T20:33:15 IST" name="verifySwitchWindow" finished-at="2026-09-10T20:33:17 IST" duration-ms="2175" status="PASS">
          <reporter-output>
          </reporter-output>
        </test-method> <!-- verifySwitchWindow -->
        <test-method is-config="true" signature="tearDown()[pri:0, instance:tests.ElectronicsTest@6340e5f0]" started-at="2026-09-10T20:33:17 IST" name="tearDown" finished-at="2026-09-10T20:33:22 IST" duration-ms="5238" status="PASS">
          <reporter-output>
          </reporter-output>
        </test-method> <!-- tearDown -->
      </class> <!-- tests.ElectronicsTest -->
      <class name="tests.FlightTest">
        <test-method is-config="true" signature="setup()[pri:0, instance:tests.FlightTest@1c7696c6]" started-at="2026-09-10T20:33:36 IST" name="setup" finished-at="2026-09-10T20:33:44 IST" duration-ms="7854" status="PASS">
          <reporter-output>
          </reporter-output>
        </test-method> <!-- setup -->
        <test-method signature="verifyFlightSearch()[pri:1, instance:tests.FlightTest@1c7696c6]" started-at="2026-09-10T20:33:44 IST" name="verifyFlightSearch" finished-at="2026-09-10T20:33:46 IST" duration-ms="2388" status="PASS">
          <reporter-output>
          </reporter-output>
        </test-method> <!-- verifyFlightSearch -->
        <test-method signature="verifySourceSelected()[pri:2, instance:tests.FlightTest@1c7696c6]" started-at="2026-09-10T20:33:46 IST" name="verifySourceSelected" finished-at="2026-09-10T20:33:47 IST" duration-ms="849" status="PASS">
          <reporter-output>
          </reporter-output>
        </test-method> <!-- verifySourceSelected -->
        <test-method signature="verifyDestinationSelected()[pri:3, instance:tests.FlightTest@1c7696c6]" started-at="2026-09-10T20:33:47 IST" name="verifyDestinationSelected" finished-at="2026-09-10T20:33:48 IST" duration-ms="420" status="PASS">
          <reporter-output>
          </reporter-output>
        </test-method> <!-- verifyDestinationSelected -->
        <test-method signature="verifyDateSelected(java.lang.String,java.lang.String)[pri:4, instance:tests.FlightTest@1c7696c6]" started-at="2026-09-10T20:33:48 IST" name="verifyDateSelected" finished-at="2026-09-10T20:33:48 IST" duration-ms="409" status="PASS">
          <params>
            <param index="0">
              <value>
                <![CDATA[14]]>
              </value>
            </param>
            <param index="1">
              <value>
                <![CDATA[October 2026]]>
              </value>
            </param>
          </params>
          <reporter-output>
          </reporter-output>
        </test-method> <!-- verifyDateSelected -->
        <test-method signature="verifySearchResults()[pri:5, instance:tests.FlightTest@1c7696c6]" started-at="2026-09-10T20:33:48 IST" name="verifySearchResults" finished-at="2026-09-10T20:33:48 IST" duration-ms="181" status="PASS">
          <reporter-output>
          </reporter-output>
        </test-method> <!-- verifySearchResults -->
        <test-method is-config="true" signature="tearDown()[pri:0, instance:tests.FlightTest@1c7696c6]" started-at="2026-09-10T20:33:48 IST" name="tearDown" finished-at="2026-09-10T20:33:49 IST" duration-ms="335" status="PASS">
          <reporter-output>
          </reporter-output>
        </test-method> <!-- tearDown -->
      </class> <!-- tests.FlightTest -->
    </test> <!-- Automation Tests -->
  </suite> <!-- Flipkart Suite -->
</testng-results>
