<?xml version="1.0" encoding="UTF-8"?>
<testsuite xmlns:xsi="http://www.w3.org/2001/XMLSchema-instance" xsi:noNamespaceSchemaLocation="https://maven.apache.org/surefire/maven-surefire-plugin/xsd/surefire-test-report.xsd" version="3.0.2" name="TestSuite" time="66.152" tests="19" errors="0" skipped="0" failures="0">
  <properties>
[...]
</properties>
  <testcase name="verifySwitchedtoElectronics" classname="tests.ElectronicsTest" time="0.834">
    <system-err><![CDATA[SLF4J(W): No SLF4J providers were found.
SLF4J(W): Defaulting to no-operation (NOP) logger implementation
SLF4J(W): See https://www.slf4j.org/codes.html#noProviders for further details.
Sept 10, 2026 8:32:50 PM org.openqa.selenium.devtools.CdpVersionFinder findNearestMatch
WARNING: Unable to find CDP implementation matching 152
Sept 10, 2026 8:32:50 PM org.openqa.selenium.chromium.ChromiumDriver lambda$new$4
WARNING: Unable to find version of CDP to use for 152.0.7977.84. You may need to include a dependency on a specific version of the CDP using something similar to `org.seleniumhq.selenium:selenium-devtools-v86:4.40.0` where the version ("v86") matches the version of the chromium-based browser you're using and the version number of the artifact is the same as Selenium's.
]]></system-err>
  </testcase>
  <testcase name="verifySearchProduct" classname="tests.ElectronicsTest" time="9.776"/>
  <testcase name="verifyApplyFilter" classname="tests.ElectronicsTest" time="5.823"/>
  <testcase name="verifyScrollPage" classname="tests.ElectronicsTest" time="0.034"/>
  <testcase name="verifyOpenLaptop" classname="tests.ElectronicsTest" time="1.314"/>
  <testcase name="verifySwitchWindow" classname="tests.ElectronicsTest" time="2.176"/>
  <testcase name="verifyHoverMenu" classname="tests.FashionTest" time="0.266">
    <system-err><![CDATA[Sept 10, 2026 8:33:24 PM org.openqa.selenium.devtools.CdpVersionFinder findNearestMatch
WARNING: Unable to find CDP implementation matching 152
Sept 10, 2026 8:33:24 PM org.openqa.selenium.chromium.ChromiumDriver lambda$new$4
WARNING: Unable to find version of CDP to use for 152.0.7977.84. You may need to include a dependency on a specific version of the CDP using something similar to `org.seleniumhq.selenium:selenium-devtools-v86:4.40.0` where the version ("v86") matches the version of the chromium-based browser you're using and the version number of the artifact is the same as Selenium's.
]]></system-err>
  </testcase>
  <testcase name="verifyUserCanOpenFashionTab" classname="tests.FashionTest" time="0.15"/>
  <testcase name="verifyUserCanSearchShirts" classname="tests.FashionTest" time="2.581"/>
  <testcase name="verifyUserCanSelectSearchSuggestion" classname="tests.FashionTest" time="2.329"/>
  <testcase name="verifyFirstProductNameIsDisplayed" classname="tests.FashionTest" time="0.536">
    <system-out><![CDATA[JACKBELLA
]]></system-out>
  </testcase>
  <testcase name="verifyUserCanOpenFirstProduct" classname="tests.FashionTest" time="0.335"/>
  <testcase name="verifyUserCanSwitchToProductWindow" classname="tests.FashionTest" time="0.036"/>
  <testcase name="verifyUserCanCloseWindow" classname="tests.FashionTest" time="0.276"/>
  <testcase name="verifyFlightSearch" classname="tests.FlightTest" time="2.424">
    <system-err><![CDATA[Sept 10, 2026 8:33:38 PM org.openqa.selenium.devtools.CdpVersionFinder findNearestMatch
WARNING: Unable to find CDP implementation matching 152
Sept 10, 2026 8:33:38 PM org.openqa.selenium.chromium.ChromiumDriver lambda$new$4
WARNING: Unable to find version of CDP to use for 152.0.7977.84. You may need to include a dependency on a specific version of the CDP using something similar to `org.seleniumhq.selenium:selenium-devtools-v86:4.40.0` where the version ("v86") matches the version of the chromium-based browser you're using and the version number of the artifact is the same as Selenium's.
]]></system-err>
  </testcase>
  <testcase name="verifySourceSelected" classname="tests.FlightTest" time="0.855"/>
  <testcase name="verifyDestinationSelected" classname="tests.FlightTest" time="0.422"/>
  <testcase name="verifyDateSelected[14, October 2026](1)" classname="tests.FlightTest" time="0.41"/>
  <testcase name="verifySearchResults" classname="tests.FlightTest" time="0.182"/>
</testsuite>