<?xml version="1.0" encoding="UTF-8"?>
<!-- Generated by org.testng.reporters.JUnitReportReporter -->
<testsuite hostname="DESKTOP-8524L67" failures="0" tests="5" name="tests.FlightTest" time="3.240" errors="0" timestamp="2026-09-06T20:11:47 IST" skipped="0">
  <testcase classname="tests.FlightTest" name="verifyFlightSearch" time="1.489"/>
  <testcase classname="tests.FlightTest" name="verifySourceSelected" time="0.681"/>
  <testcase classname="tests.FlightTest" name="verifyDestinationSelected" time="0.461"/>
  <testcase classname="tests.FlightTest" name="verifyDateSelected" time="0.421"/>
  <testcase classname="tests.FlightTest" name="verifySearchResults" time="0.188"/>
</testsuite> <!-- tests.FlightTest -->
