<?xml version="1.0" encoding="UTF-8"?>
<!-- Generated by org.testng.reporters.JUnitReportReporter -->
<testsuite hostname="DESKTOP-8524L67" failures="0" tests="6" name="tests.ElectronicsTest" time="15.251" errors="0" timestamp="2026-09-06T10:25:31 IST" skipped="0">
  <testcase classname="tests.ElectronicsTest" name="verifySwitchedtoElectronics" time="1.561"/>
  <testcase classname="tests.ElectronicsTest" name="verifySearchProduct" time="3.180"/>
  <testcase classname="tests.ElectronicsTest" name="verifyApplyFilter" time="4.216"/>
  <testcase classname="tests.ElectronicsTest" name="verifyScrollPage" time="0.223"/>
  <testcase classname="tests.ElectronicsTest" name="verifyOpenLaptop" time="0.847"/>
  <testcase classname="tests.ElectronicsTest" name="verifySwitchWindow" time="5.224"/>
</testsuite> <!-- tests.ElectronicsTest -->
