<?xml version="1.0" encoding="UTF-8"?>
<!-- Generated by org.testng.reporters.JUnitReportReporter -->
<testsuite hostname="DESKTOP-8524L67" failures="0" tests="8" name="tests.FashionTest" time="6.462" errors="0" timestamp="2026-08-04T22:50:04 IST" skipped="0">
  <testcase classname="tests.FashionTest" name="verifyHoverMenu" time="0.491"/>
  <testcase classname="tests.FashionTest" name="verifyUserCanOpenFashionTab" time="0.211"/>
  <testcase classname="tests.FashionTest" name="verifyUserCanSearchShirts" time="2.098"/>
  <testcase classname="tests.FashionTest" name="verifyUserCanSelectSearchSuggestion" time="3.172"/>
  <testcase classname="tests.FashionTest" name="verifyFirstProductNameIsDisplayed" time="0.097"/>
  <testcase classname="tests.FashionTest" name="verifyUserCanOpenFirstProduct" time="0.232"/>
  <testcase classname="tests.FashionTest" name="verifyUserCanSwitchToProductWindow" time="0.032"/>
  <testcase classname="tests.FashionTest" name="verifyUserCanCloseWindow" time="0.129"/>
</testsuite> <!-- tests.FashionTest -->
