<?xml version="1.0" encoding="UTF-8"?>
<!-- Generated by org.testng.reporters.JUnitReportReporter -->
<testsuite hostname="DESKTOP-8524L67" failures="0" tests="6" name="tests.ElectronicsTest" time="15.723" errors="0" timestamp="2026-09-10T19:11:38 IST" skipped="0">
  <testcase classname="tests.ElectronicsTest" name="verifySwitchedtoElectronics" time="1.337"/>
  <testcase classname="tests.ElectronicsTest" name="verifySearchProduct" time="2.361"/>
  <testcase classname="tests.ElectronicsTest" name="verifyApplyFilter" time="3.992"/>
  <testcase classname="tests.ElectronicsTest" name="verifyScrollPage" time="0.040"/>
  <testcase classname="tests.ElectronicsTest" name="verifyOpenLaptop" time="1.578"/>
  <testcase classname="tests.ElectronicsTest" name="verifySwitchWindow" time="6.415"/>
</testsuite> <!-- tests.ElectronicsTest -->
