<?xml version="1.0" encoding="UTF-8"?>
<!-- Generated by org.testng.reporters.JUnitReportReporter -->
<testsuite hostname="DESKTOP-8524L67" failures="0" tests="8" name="tests.FashionTest" time="8.349" errors="0" timestamp="2026-05-24T10:10:15 IST" skipped="0">
  <testcase classname="tests.FashionTest" name="verifyHoverMenu" time="0.584"/>
  <testcase classname="tests.FashionTest" name="verifyUserCanOpenFashionTab" time="2.945"/>
  <testcase classname="tests.FashionTest" name="verifyUserCanSearchShirts" time="1.110"/>
  <testcase classname="tests.FashionTest" name="verifyUserCanSelectSearchSuggestion" time="3.295"/>
  <testcase classname="tests.FashionTest" name="verifyFirstProductNameIsDisplayed" time="0.031"/>
  <testcase classname="tests.FashionTest" name="verifyUserCanOpenFirstProduct" time="0.244"/>
  <testcase classname="tests.FashionTest" name="verifyUserCanSwitchToProductWindow" time="0.033"/>
  <testcase classname="tests.FashionTest" name="verifyUserCanCloseWindow" time="0.107"/>
</testsuite> <!-- tests.FashionTest -->
