<?xml version="1.0" encoding="UTF-8"?>
<!-- Generated by org.testng.reporters.JUnitReportReporter -->
<testsuite hostname="DESKTOP-8524L67" failures="0" tests="8" name="tests.FashionTest" time="6.484" errors="0" timestamp="2026-09-10T20:33:49 IST" skipped="0">
  <testcase classname="tests.FashionTest" name="verifyHoverMenu" time="0.262"/>
  <testcase classname="tests.FashionTest" name="verifyUserCanOpenFashionTab" time="0.152"/>
  <testcase classname="tests.FashionTest" name="verifyUserCanSearchShirts" time="2.572"/>
  <testcase classname="tests.FashionTest" name="verifyUserCanSelectSearchSuggestion" time="2.329"/>
  <testcase classname="tests.FashionTest" name="verifyFirstProductNameIsDisplayed" time="0.512"/>
  <testcase classname="tests.FashionTest" name="verifyUserCanOpenFirstProduct" time="0.353"/>
  <testcase classname="tests.FashionTest" name="verifyUserCanSwitchToProductWindow" time="0.028"/>
  <testcase classname="tests.FashionTest" name="verifyUserCanCloseWindow" time="0.276"/>
</testsuite> <!-- tests.FashionTest -->
