<?xml version="1.0" encoding="UTF-8"?>
<!-- Generated by org.testng.reporters.JUnitReportReporter -->
<testsuite hostname="DESKTOP-8524L67" failures="0" tests="5" name="tests.FlightTest" time="2.723" errors="0" timestamp="2026-09-10T20:04:31 IST" skipped="0">
  <testcase classname="tests.FlightTest" name="verifyFlightSearch" time="1.203"/>
  <testcase classname="tests.FlightTest" name="verifySourceSelected" time="0.530"/>
  <testcase classname="tests.FlightTest" name="verifyDestinationSelected" time="0.403"/>
  <testcase classname="tests.FlightTest" name="verifyDateSelected" time="0.419"/>
  <testcase classname="tests.FlightTest" name="verifySearchResults" time="0.168"/>
</testsuite> <!-- tests.FlightTest -->
