<?xml version="1.0" encoding="UTF-8"?>
<!-- Generated by org.testng.reporters.JUnitReportReporter -->
<testsuite hostname="DESKTOP-8524L67" failures="0" tests="6" name="tests.ElectronicsTest" time="17.919" errors="0" timestamp="2026-09-10T20:04:31 IST" skipped="0">
  <testcase classname="tests.ElectronicsTest" name="verifySwitchedtoElectronics" time="1.636"/>
  <testcase classname="tests.ElectronicsTest" name="verifySearchProduct" time="2.696"/>
  <testcase classname="tests.ElectronicsTest" name="verifyApplyFilter" time="3.937"/>
  <testcase classname="tests.ElectronicsTest" name="verifyScrollPage" time="0.079"/>
  <testcase classname="tests.ElectronicsTest" name="verifyOpenLaptop" time="0.912"/>
  <testcase classname="tests.ElectronicsTest" name="verifySwitchWindow" time="8.659"/>
</testsuite> <!-- tests.ElectronicsTest -->
