<?xml version="1.0" encoding="UTF-8"?>
<!-- Generated by org.testng.reporters.JUnitReportReporter -->
<testsuite hostname="DESKTOP-8524L67" failures="0" tests="5" name="tests.FlightTest" time="4.247" errors="0" timestamp="2026-09-10T20:33:49 IST" skipped="0">
  <testcase classname="tests.FlightTest" name="verifyFlightSearch" time="2.388"/>
  <testcase classname="tests.FlightTest" name="verifySourceSelected" time="0.849"/>
  <testcase classname="tests.FlightTest" name="verifyDestinationSelected" time="0.420"/>
  <testcase classname="tests.FlightTest" name="verifyDateSelected" time="0.409"/>
  <testcase classname="tests.FlightTest" name="verifySearchResults" time="0.181"/>
</testsuite> <!-- tests.FlightTest -->
