<?xml version="1.0" encoding="UTF-8"?>
<!-- Generated by org.testng.reporters.JUnitXMLReporter -->
<testsuite ignored="0" hostname="DESKTOP-8524L67" failures="1" tests="19" name="Automation Tests" time="49.901" errors="0" timestamp="2026-09-06T20:11:47 IST">
  <testcase classname="tests.ElectronicsTest" name="verifySwitchedtoElectronics" time="1.307"/>
  <testcase classname="tests.ElectronicsTest" name="verifySearchProduct" time="4.044"/>
  <testcase classname="tests.ElectronicsTest" name="verifyApplyFilter" time="3.238"/>
  <testcase classname="tests.ElectronicsTest" name="verifyScrollPage" time="0.065"/>
  <testcase classname="tests.ElectronicsTest" name="verifyOpenLaptop" time="1.021"/>
  <testcase classname="tests.ElectronicsTest" name="verifySwitchWindow" time="4.6">
    <failure type="org.openqa.selenium.StaleElementReferenceException" message="stale element reference: stale element not found in the current frame
  (Session info: chrome=151.0.7922.174)
For documentation on this error, please visit: https://www.selenium.dev/documentation/webdriver/troubleshooting/errors#staleelementreferenceexception
Build info: version: &amp;apos;4.40.0&amp;apos;, revision: &amp;apos;b3333f1&amp;apos;
System info: os.name: &amp;apos;Windows 11&amp;apos;, os.arch: &amp;apos;amd64&amp;apos;, os.version: &amp;apos;10.0&amp;apos;, java.version: &amp;apos;24.0.1&amp;apos;
Driver info: org.openqa.selenium.chrome.ChromeDriver
Command: [3195f93382708e4c3520030e3fc3a0b7, clickElement {id=f.BF46E1BE671C6B50D1917D59A371F233.d.8BBA600215B81F33D52EC8DC7B2D34C6.e.16}]
Capabilities {acceptInsecureCerts: false, browserName: chrome, browserVersion: 151.0.7922.174, chrome: {chromedriverVersion: 151.0.7922.138 (41fa8244239..., userDataDir: C:\Users\HP\AppData\Local\T...}, fedcm:accounts: true, goog:chromeOptions: {debuggerAddress: localhost:52745}, goog:processID: 1180, networkConnectionEnabled: false, pageLoadStrategy: normal, platformName: windows, proxy: Proxy(), se:cdp: ws://localhost:52745/devtoo..., se:cdpVersion: 151.0.7922.174, setWindowRect: true, strictFileInteractability: false, timeouts: {implicit: 0, pageLoad: 300000, script: 30000}, unhandledPromptBehavior: dismiss and notify, webauthn:extension:credBlob: true, webauthn:extension:largeBlob: true, webauthn:extension:minPinLength: true, webauthn:extension:prf: true, webauthn:virtualAuthenticators: true}
Element: [[ChromeDriver: chrome on windows (3195f93382708e4c3520030e3fc3a0b7)] -&amp;gt; xpath: (//div[@class=&amp;apos;_1psv1zeb9 _1psv1ze0 _1psv1zeku _1psv1ze6r&amp;apos;])[2]]
Session ID: 3195f93382708e4c3520030e3fc3a0b7">
      <![CDATA[org.openqa.selenium.StaleElementReferenceException: stale element reference: stale element not found in the current frame
  (Session info: chrome=151.0.7922.174)
For documentation on this error, please visit: https://www.selenium.dev/documentation/webdriver/troubleshooting/errors#staleelementreferenceexception
Build info: version: '4.40.0', revision: 'b3333f1'
System info: os.name: 'Windows 11', os.arch: 'amd64', os.version: '10.0', java.version: '24.0.1'
Driver info: org.openqa.selenium.chrome.ChromeDriver
Command: [3195f93382708e4c3520030e3fc3a0b7, clickElement {id=f.BF46E1BE671C6B50D1917D59A371F233.d.8BBA600215B81F33D52EC8DC7B2D34C6.e.16}]
Capabilities {acceptInsecureCerts: false, browserName: chrome, browserVersion: 151.0.7922.174, chrome: {chromedriverVersion: 151.0.7922.138 (41fa8244239..., userDataDir: C:\Users\HP\AppData\Local\T...}, fedcm:accounts: true, goog:chromeOptions: {debuggerAddress: localhost:52745}, goog:processID: 1180, networkConnectionEnabled: false, pageLoadStrategy: normal, platformName: windows, proxy: Proxy(), se:cdp: ws://localhost:52745/devtoo..., se:cdpVersion: 151.0.7922.174, setWindowRect: true, strictFileInteractability: false, timeouts: {implicit: 0, pageLoad: 300000, script: 30000}, unhandledPromptBehavior: dismiss and notify, webauthn:extension:credBlob: true, webauthn:extension:largeBlob: true, webauthn:extension:minPinLength: true, webauthn:extension:prf: true, webauthn:virtualAuthenticators: true}
Element: [[ChromeDriver: chrome on windows (3195f93382708e4c3520030e3fc3a0b7)] -> xpath: (//div[@class='_1psv1zeb9 _1psv1ze0 _1psv1zeku _1psv1ze6r'])[2]]
Session ID: 3195f93382708e4c3520030e3fc3a0b7
at org.openqa.selenium.remote.ErrorCodec.decode(ErrorCodec.java:169)
at org.openqa.selenium.remote.codec.w3c.W3CHttpResponseCodec.decode(W3CHttpResponseCodec.java:142)
at org.openqa.selenium.remote.codec.w3c.W3CHttpResponseCodec.decode(W3CHttpResponseCodec.java:49)
at org.openqa.selenium.remote.HttpCommandExecutor.execute(HttpCommandExecutor.java:223)
at org.openqa.selenium.remote.service.DriverCommandExecutor.invokeExecute(DriverCommandExecutor.java:216)
at org.openqa.selenium.remote.service.DriverCommandExecutor.execute(DriverCommandExecutor.java:174)
at org.openqa.selenium.remote.RemoteWebDriver.execute(RemoteWebDriver.java:601)
at org.openqa.selenium.remote.RemoteWebElement.execute(RemoteWebElement.java:223)
at org.openqa.selenium.remote.RemoteWebElement.click(RemoteWebElement.java:76)
at pages.ElectronicsPage.clickBuyButton(ElectronicsPage.java:77)
at tests.ElectronicsTest.verifySwitchWindow(ElectronicsTest.java:54)
at java.base/java.util.ArrayList.forEach(ArrayList.java:1604)
... Removed 25 stack frames]]>
    </failure>
  </testcase> <!-- verifySwitchWindow -->
  <testcase classname="tests.FashionTest" name="verifyHoverMenu" time="0.325"/>
  <testcase classname="tests.FashionTest" name="verifyUserCanOpenFashionTab" time="0.169"/>
  <testcase classname="tests.FashionTest" name="verifyUserCanSearchShirts" time="2.686"/>
  <testcase classname="tests.FashionTest" name="verifyUserCanSelectSearchSuggestion" time="3.104"/>
  <testcase classname="tests.FashionTest" name="verifyFirstProductNameIsDisplayed" time="0.105"/>
  <testcase classname="tests.FashionTest" name="verifyUserCanOpenFirstProduct" time="0.411"/>
  <testcase classname="tests.FashionTest" name="verifyUserCanSwitchToProductWindow" time="0.036"/>
  <testcase classname="tests.FashionTest" name="verifyUserCanCloseWindow" time="0.202"/>
  <testcase classname="tests.FlightTest" name="verifyFlightSearch" time="1.489"/>
  <testcase classname="tests.FlightTest" name="verifySourceSelected" time="0.681"/>
  <testcase classname="tests.FlightTest" name="verifyDestinationSelected" time="0.461"/>
  <testcase classname="tests.FlightTest" name="verifyDateSelected" time="0.421"/>
  <testcase classname="tests.FlightTest" name="verifySearchResults" time="0.188"/>
</testsuite> <!-- Automation Tests -->
