<?xml version="1.0" encoding="UTF-8"?>
<!-- Generated by org.testng.reporters.JUnitXMLReporter -->
<testsuite ignored="0" hostname="DESKTOP-8524L67" failures="1" tests="11" name="Automation Tests" time="45.455" errors="0" timestamp="2026-09-06T10:25:30 IST">
  <testcase classname="tests.ElectronicsTest" name="verifySwitchedtoElectronics" time="1.561"/>
  <testcase classname="tests.ElectronicsTest" name="verifySearchProduct" time="3.18"/>
  <testcase classname="tests.ElectronicsTest" name="verifyApplyFilter" time="4.216"/>
  <testcase classname="tests.ElectronicsTest" name="verifyScrollPage" time="0.223"/>
  <testcase classname="tests.ElectronicsTest" name="verifyOpenLaptop" time="0.847"/>
  <testcase classname="tests.ElectronicsTest" name="verifySwitchWindow" time="5.224"/>
  <testcase classname="tests.FlightTest" name="verifyFlightSearch" time="1.302"/>
  <testcase classname="tests.FlightTest" name="verifySourceSelected" time="0.748"/>
  <testcase classname="tests.FlightTest" name="verifyDestinationSelected" time="0.445"/>
  <testcase classname="tests.FlightTest" name="verifyDateSelected" time="0.464"/>
  <testcase classname="tests.FlightTest" name="verifySearchResults" time="10.052">
    <failure type="org.openqa.selenium.TimeoutException" message="Expected condition failed: waiting for element found by By.xpath: //div[@class=&amp;apos;css-g5y9jx r-13awgt0 r-14qjzug&amp;apos;]//div[2] to be clickable, but the element was not found: org.openqa.selenium.NoSuchElementException: no such element: Unable to locate element: {&amp;quot;method&amp;quot;:&amp;quot;xpath&amp;quot;,&amp;quot;selector&amp;quot;:&amp;quot;//div[@class=&amp;apos;css-g5y9jx r-13awgt0 r-14qjzug&amp;apos;]//div[2]&amp;quot;}.
(tried for 10 seconds with 500 milliseconds interval)
Build info: version: &amp;apos;4.40.0&amp;apos;, revision: &amp;apos;b3333f1&amp;apos;
System info: os.name: &amp;apos;Windows 11&amp;apos;, os.arch: &amp;apos;amd64&amp;apos;, os.version: &amp;apos;10.0&amp;apos;, java.version: &amp;apos;24.0.1&amp;apos;
Driver info: org.openqa.selenium.chrome.ChromeDriver
Capabilities {acceptInsecureCerts: false, browserName: chrome, browserVersion: 151.0.7922.174, chrome: {chromedriverVersion: 151.0.7922.138 (41fa8244239..., userDataDir: C:\Users\HP\AppData\Local\T...}, fedcm:accounts: true, goog:chromeOptions: {debuggerAddress: localhost:57163}, goog:processID: 14444, networkConnectionEnabled: false, pageLoadStrategy: normal, platformName: windows, proxy: Proxy(), se:cdp: ws://localhost:57163/devtoo..., se:cdpVersion: 151.0.7922.174, setWindowRect: true, strictFileInteractability: false, timeouts: {implicit: 0, pageLoad: 300000, script: 30000}, unhandledPromptBehavior: dismiss and notify, webauthn:extension:credBlob: true, webauthn:extension:largeBlob: true, webauthn:extension:minPinLength: true, webauthn:extension:prf: true, webauthn:virtualAuthenticators: true}
Session ID: 241b1c70a6e7c3018f757e8cbdea7c4c">
      <![CDATA[org.openqa.selenium.TimeoutException: Expected condition failed: waiting for element found by By.xpath: //div[@class='css-g5y9jx r-13awgt0 r-14qjzug']//div[2] to be clickable, but the element was not found: org.openqa.selenium.NoSuchElementException: no such element: Unable to locate element: {"method":"xpath","selector":"//div[@class='css-g5y9jx r-13awgt0 r-14qjzug']//div[2]"}.
(tried for 10 seconds with 500 milliseconds interval)
Build info: version: '4.40.0', revision: 'b3333f1'
System info: os.name: 'Windows 11', os.arch: 'amd64', os.version: '10.0', java.version: '24.0.1'
Driver info: org.openqa.selenium.chrome.ChromeDriver
Capabilities {acceptInsecureCerts: false, browserName: chrome, browserVersion: 151.0.7922.174, chrome: {chromedriverVersion: 151.0.7922.138 (41fa8244239..., userDataDir: C:\Users\HP\AppData\Local\T...}, fedcm:accounts: true, goog:chromeOptions: {debuggerAddress: localhost:57163}, goog:processID: 14444, networkConnectionEnabled: false, pageLoadStrategy: normal, platformName: windows, proxy: Proxy(), se:cdp: ws://localhost:57163/devtoo..., se:cdpVersion: 151.0.7922.174, setWindowRect: true, strictFileInteractability: false, timeouts: {implicit: 0, pageLoad: 300000, script: 30000}, unhandledPromptBehavior: dismiss and notify, webauthn:extension:credBlob: true, webauthn:extension:largeBlob: true, webauthn:extension:minPinLength: true, webauthn:extension:prf: true, webauthn:virtualAuthenticators: true}
Session ID: 241b1c70a6e7c3018f757e8cbdea7c4c
at org.openqa.selenium.support.ui.WebDriverWait.timeoutException(WebDriverWait.java:84)
at org.openqa.selenium.support.ui.FluentWait.until(FluentWait.java:231)
at base.BasePage.click(BasePage.java:23)
at pages.FlightPage.clickSearch(FlightPage.java:80)
at tests.FlightTest.verifySearchResults(FlightTest.java:47)
at java.base/java.util.ArrayList.forEach(ArrayList.java:1604)
... Removed 25 stack frames]]>
    </failure>
  </testcase> <!-- verifySearchResults -->
</testsuite> <!-- Automation Tests -->
